# /Users/polaris/Documents/Epistemology and Zetesis/Projects/Machine Errors/JEPA/Robotics/lewm-vanilla/.venv311/bin/python -u train.py --path-c --env reacher --image-size 96 --patch-size auto --n-episodes 500 --path-c-episode-length 60 --epochs 10 --batch-size 64 --arch-preset tiny --out-dir /Users/polaris/Documents/Epistemology and Zetesis/Projects/Machine Errors/JEPA/Robotics/lewm-vanilla/projects/lewm/runs/sweep/reacher/img96 --device cpu --no-wandb --log-every 100 --seed 42
[init] device=cpu
[data] generating 500 trajectories × 60 env steps @ 96×96... (env=reacher policy=weakpolicy)
[data] wrote data/reacher_weakpolicy_n500_T60_img96.h5
[split] train=450 eps (18450 windows)  val=50 eps (2050 windows)
[path-c] action_dim=10  history_size=3  stride=5
[split] saved → /Users/polaris/Documents/Epistemology and Zetesis/Projects/Machine Errors/JEPA/Robotics/lewm-vanilla/projects/lewm/runs/sweep/reacher/img96/splits.npz
[data] dataset windows=18450 batches/epoch=288 total_steps=2880  | val_batches=33
[model] preset=tiny  params=5,562,432  (enc d=6 h=3  proj_h=384  pred d=4 h=8×24 mlp=576)
[opt] AdamW lr=5e-05 wd=0.001 warmup=1.0% total_steps=2880
[train] epochs=10 batch=64 λ=0.09 M=1024
[step    100 ep 0] L=0.9309 L_p=0.2832 L_s=7.1964 z_std=0.661 lr=4.99e-05 nr=0.000 rec=0 (1437.1s)
[step    200 ep 0] L=0.6591 L_p=0.1868 L_s=5.2479 z_std=0.782 lr=4.96e-05 nr=0.000 rec=0 (1950.1s)
[epoch 0] done in 2401.1s; stats={'step': 288, 'snapshots': 3, 'snapshot_steps': [260, 270, 280], 'nan_count': 0, 'nan_window': 100, 'nan_rate': 0.0, 'recovery_count': 0, 'escalation_count': 0, 'quarantined': 0, 'aborted': False}
[val   ep 0] L_pred=54.7633  L_identity=0.0664  P/I_ratio=824.388  z_norm=118.27  z_std=0.522
[ckpt] saved → /Users/polaris/Documents/Epistemology and Zetesis/Projects/Machine Errors/JEPA/Robotics/lewm-vanilla/projects/lewm/runs/sweep/reacher/img96/ckpt_epoch0.pt
[step    300 ep 1] L=0.4421 L_p=0.0805 L_s=4.0175 z_std=0.880 lr=4.89e-05 nr=0.000 rec=0 (2574.7s)
[step    400 ep 1] L=0.3837 L_p=0.0492 L_s=3.7167 z_std=0.905 lr=4.79e-05 nr=0.000 rec=0 (3093.5s)
[step    500 ep 1] L=0.3406 L_p=0.0327 L_s=3.4209 z_std=0.968 lr=4.67e-05 nr=0.000 rec=0 (3616.8s)
[epoch 1] done in 5789.1s; stats={'step': 576, 'snapshots': 3, 'snapshot_steps': [550, 560, 570], 'nan_count': 0, 'nan_window': 100, 'nan_rate': 0.0, 'recovery_count': 0, 'escalation_count': 0, 'quarantined': 0, 'aborted': False}
[val   ep 1] L_pred=0.5080  L_identity=0.0110  P/I_ratio=46.193  z_norm=29.77  z_std=0.610
[ckpt] saved → /Users/polaris/Documents/Epistemology and Zetesis/Projects/Machine Errors/JEPA/Robotics/lewm-vanilla/projects/lewm/runs/sweep/reacher/img96/ckpt_epoch1.pt
[step    600 ep 2] L=0.3262 L_p=0.0233 L_s=3.3653 z_std=1.012 lr=4.52e-05 nr=0.000 rec=0 (8550.9s)
[step    700 ep 2] L=0.2988 L_p=0.0233 L_s=3.0604 z_std=1.033 lr=4.35e-05 nr=0.000 rec=0 (9109.4s)
[step    800 ep 2] L=0.2923 L_p=0.0222 L_s=3.0011 z_std=1.018 lr=4.15e-05 nr=0.000 rec=0 (9639.5s)
[epoch 2] done in 1577.1s; stats={'step': 864, 'snapshots': 3, 'snapshot_steps': [840, 850, 860], 'nan_count': 0, 'nan_window': 100, 'nan_rate': 0.0, 'recovery_count': 0, 'escalation_count': 0, 'quarantined': 0, 'aborted': False}
[val   ep 2] L_pred=0.0296  L_identity=0.0072  P/I_ratio=4.132  z_norm=15.68  z_std=0.638
[ckpt] saved → /Users/polaris/Documents/Epistemology and Zetesis/Projects/Machine Errors/JEPA/Robotics/lewm-vanilla/projects/lewm/runs/sweep/reacher/img96/ckpt_epoch2.pt
[step    900 ep 3] L=0.2874 L_p=0.0185 L_s=2.9883 z_std=1.022 lr=3.93e-05 nr=0.000 rec=0 (10276.0s)
[step   1000 ep 3] L=0.2966 L_p=0.0156 L_s=3.1219 z_std=1.034 lr=3.70e-05 nr=0.000 rec=0 (10803.7s)
[step   1100 ep 3] L=0.2543 L_p=0.0147 L_s=2.6625 z_std=1.028 lr=3.45e-05 nr=0.000 rec=0 (11300.9s)
[epoch 3] done in 1487.3s; stats={'step': 1152, 'snapshots': 3, 'snapshot_steps': [1130, 1140, 1150], 'nan_count': 0, 'nan_window': 100, 'nan_rate': 0.0, 'recovery_count': 0, 'escalation_count': 0, 'quarantined': 0, 'aborted': False}
[val   ep 3] L_pred=0.0167  L_identity=0.0043  P/I_ratio=3.860  z_norm=13.74  z_std=0.564
[ckpt] saved → /Users/polaris/Documents/Epistemology and Zetesis/Projects/Machine Errors/JEPA/Robotics/lewm-vanilla/projects/lewm/runs/sweep/reacher/img96/ckpt_epoch3.pt
[step   1200 ep 4] L=0.2596 L_p=0.0140 L_s=2.7280 z_std=1.036 lr=3.19e-05 nr=0.000 rec=0 (11940.9s)
[step   1300 ep 4] L=0.2682 L_p=0.0131 L_s=2.8342 z_std=1.033 lr=2.92e-05 nr=0.000 rec=0 (12463.5s)
[step   1400 ep 4] L=0.2569 L_p=0.0118 L_s=2.7230 z_std=1.054 lr=2.65e-05 nr=0.000 rec=0 (12987.4s)
[epoch 4] done in 1509.4s; stats={'step': 1440, 'snapshots': 3, 'snapshot_steps': [1410, 1420, 1430], 'nan_count': 0, 'nan_window': 100, 'nan_rate': 0.0, 'recovery_count': 0, 'escalation_count': 0, 'quarantined': 0, 'aborted': False}
[val   ep 4] L_pred=0.0125  L_identity=0.0037  P/I_ratio=3.418  z_norm=14.33  z_std=0.600
[ckpt] saved → /Users/polaris/Documents/Epistemology and Zetesis/Projects/Machine Errors/JEPA/Robotics/lewm-vanilla/projects/lewm/runs/sweep/reacher/img96/ckpt_epoch4.pt
[step   1500 ep 5] L=0.2737 L_p=0.0138 L_s=2.8874 z_std=1.032 lr=2.37e-05 nr=0.000 rec=0 (13621.2s)
[step   1600 ep 5] L=0.2681 L_p=0.0137 L_s=2.8265 z_std=1.033 lr=2.10e-05 nr=0.000 rec=0 (14138.4s)
[step   1700 ep 5] L=0.2534 L_p=0.0120 L_s=2.6824 z_std=1.034 lr=1.83e-05 nr=0.000 rec=0 (14664.6s)
[epoch 5] done in 1509.8s; stats={'step': 1728, 'snapshots': 3, 'snapshot_steps': [1700, 1710, 1720], 'nan_count': 0, 'nan_window': 100, 'nan_rate': 0.0, 'recovery_count': 0, 'escalation_count': 0, 'quarantined': 0, 'aborted': False}
[val   ep 5] L_pred=0.0128  L_identity=0.0035  P/I_ratio=3.612  z_norm=15.04  z_std=0.616
[ckpt] saved → /Users/polaris/Documents/Epistemology and Zetesis/Projects/Machine Errors/JEPA/Robotics/lewm-vanilla/projects/lewm/runs/sweep/reacher/img96/ckpt_epoch5.pt
[step   1800 ep 6] L=0.2547 L_p=0.0118 L_s=2.6986 z_std=1.041 lr=1.57e-05 nr=0.000 rec=0 (15280.0s)
[step   1900 ep 6] L=0.2485 L_p=0.0171 L_s=2.5710 z_std=1.039 lr=1.32e-05 nr=0.000 rec=0 (15787.5s)
[step   2000 ep 6] L=0.2572 L_p=0.0133 L_s=2.7092 z_std=1.040 lr=1.09e-05 nr=0.000 rec=0 (16304.7s)
[epoch 6] done in 1479.0s; stats={'step': 2016, 'snapshots': 3, 'snapshot_steps': [1990, 2000, 2010], 'nan_count': 0, 'nan_window': 100, 'nan_rate': 0.0, 'recovery_count': 0, 'escalation_count': 0, 'quarantined': 0, 'aborted': False}
[val   ep 6] L_pred=0.0123  L_identity=0.0032  P/I_ratio=3.780  z_norm=14.18  z_std=0.604
[ckpt] saved → /Users/polaris/Documents/Epistemology and Zetesis/Projects/Machine Errors/JEPA/Robotics/lewm-vanilla/projects/lewm/runs/sweep/reacher/img96/ckpt_epoch6.pt
[step   2100 ep 7] L=0.2588 L_p=0.0122 L_s=2.7389 z_std=1.041 lr=8.67e-06 nr=0.000 rec=0 (16939.2s)
[step   2200 ep 7] L=0.2571 L_p=0.0137 L_s=2.7046 z_std=1.032 lr=6.69e-06 nr=0.000 rec=0 (17483.2s)
[step   2300 ep 7] L=0.2588 L_p=0.0161 L_s=2.6960 z_std=1.033 lr=4.93e-06 nr=0.000 rec=0 (18016.1s)
[epoch 7] done in 1542.4s; stats={'step': 2304, 'snapshots': 3, 'snapshot_steps': [2280, 2290, 2300], 'nan_count': 0, 'nan_window': 100, 'nan_rate': 0.0, 'recovery_count': 0, 'escalation_count': 0, 'quarantined': 0, 'aborted': False}
[val   ep 7] L_pred=0.0114  L_identity=0.0032  P/I_ratio=3.551  z_norm=14.30  z_std=0.609
[ckpt] saved → /Users/polaris/Documents/Epistemology and Zetesis/Projects/Machine Errors/JEPA/Robotics/lewm-vanilla/projects/lewm/runs/sweep/reacher/img96/ckpt_epoch7.pt
[step   2400 ep 8] L=0.2647 L_p=0.0126 L_s=2.8013 z_std=1.041 lr=3.41e-06 nr=0.000 rec=0 (18644.6s)
[step   2500 ep 8] L=0.2694 L_p=0.0143 L_s=2.8342 z_std=1.041 lr=2.16e-06 nr=0.000 rec=0 (19458.5s)
[epoch 8] done in 1796.1s; stats={'step': 2592, 'snapshots': 3, 'snapshot_steps': [2570, 2580, 2590], 'nan_count': 0, 'nan_window': 100, 'nan_rate': 0.0, 'recovery_count': 0, 'escalation_count': 0, 'quarantined': 0, 'aborted': False}
[val   ep 8] L_pred=0.0105  L_identity=0.0029  P/I_ratio=3.595  z_norm=14.11  z_std=0.597
[ckpt] saved → /Users/polaris/Documents/Epistemology and Zetesis/Projects/Machine Errors/JEPA/Robotics/lewm-vanilla/projects/lewm/runs/sweep/reacher/img96/ckpt_epoch8.pt
[step   2600 ep 9] L=0.2488 L_p=0.0131 L_s=2.6195 z_std=1.040 lr=1.18e-06 nr=0.000 rec=0 (20091.4s)
[step   2700 ep 9] L=0.2546 L_p=0.0128 L_s=2.6868 z_std=1.037 lr=4.90e-07 nr=0.000 rec=0 (20634.5s)
[step   2800 ep 9] L=0.2574 L_p=0.0120 L_s=2.7275 z_std=1.040 lr=9.70e-08 nr=0.000 rec=0 (21167.6s)
[epoch 9] done in 1533.1s; stats={'step': 2880, 'snapshots': 3, 'snapshot_steps': [2850, 2860, 2870], 'nan_count': 0, 'nan_window': 100, 'nan_rate': 0.0, 'recovery_count': 0, 'escalation_count': 0, 'quarantined': 0, 'aborted': False}
[val   ep 9] L_pred=0.0105  L_identity=0.0029  P/I_ratio=3.604  z_norm=13.99  z_std=0.596
[ckpt] saved → /Users/polaris/Documents/Epistemology and Zetesis/Projects/Machine Errors/JEPA/Robotics/lewm-vanilla/projects/lewm/runs/sweep/reacher/img96/ckpt_epoch9.pt
[done] total wallclock=21685.6s

# /Users/polaris/Documents/Epistemology and Zetesis/Projects/Machine Errors/JEPA/Robotics/lewm-vanilla/.venv311/bin/python -u eval_planning.py --ckpt /Users/polaris/Documents/Epistemology and Zetesis/Projects/Machine Errors/JEPA/Robotics/lewm-vanilla/projects/lewm/runs/sweep/reacher/img96/ckpt_epoch9.pt --h5 /Users/polaris/Documents/Epistemology and Zetesis/Projects/Machine Errors/JEPA/Robotics/lewm-vanilla/projects/lewm/data/reacher_weakpolicy_n500_T60_img96.h5 --splits /Users/polaris/Documents/Epistemology and Zetesis/Projects/Machine Errors/JEPA/Robotics/lewm-vanilla/projects/lewm/runs/sweep/reacher/img96/splits.npz --n-episodes 30 --tau-samples 80 --seed 2026 --device cpu --env reacher
[eval] device=cpu  ckpt=/Users/polaris/Documents/Epistemology and Zetesis/Projects/Machine Errors/JEPA/Robotics/lewm-vanilla/projects/lewm/runs/sweep/reacher/img96/ckpt_epoch9.pt
[tau] calibrating τ from 80 heldout pairs (offset=25)...
[tau] near_mean=0.843  near_p95=2.514  unrelated_mean=20.187  unrelated_min=2.415
[tau] tau_valley=2.514  tau_p95_near=2.514
[tau] using τ = 2.514
[plan] H=5  action_block=5  N=300  K=30  T=30  history_size=3
[ep   5/30] traj=320 init=31 goal=56  actual_dist=0.306  rec_goal=1.540  success=True  rate=1.000  (21.2s)
[ep  10/30] traj=113 init=4 goal=29  actual_dist=0.170  rec_goal=0.642  success=True  rate=1.000  (40.1s)
[ep  15/30] traj=432 init=15 goal=40  actual_dist=0.346  rec_goal=0.833  success=True  rate=0.933  (58.9s)
[ep  20/30] traj=35 init=23 goal=48  actual_dist=0.235  rec_goal=0.802  success=True  rate=0.950  (77.8s)
[ep  25/30] traj=396 init=19 goal=44  actual_dist=0.540  rec_goal=1.965  success=True  rate=0.960  (96.8s)
[ep  30/30] traj=320 init=14 goal=39  actual_dist=0.388  rec_goal=1.744  success=True  rate=0.967  (115.8s)

=== PATH C RESULTS ===
  success_rate (latent < τ=2.514): 0.967  (29/30)
  actual_dist:  mean=0.691  med=0.401  min=0.150  max=5.112
  qpos_to_recorded_goal_dist (diagnostic): mean=1.313  med=1.198
  tip_to_target_dist (old metric):       mean=0.215  med=0.219
  τ-calibration: near_mean=0.843  unrelated_mean=20.187
  total wallclock: 115.8s
  saved → /Users/polaris/Documents/Epistemology and Zetesis/Projects/Machine Errors/JEPA/Robotics/lewm-vanilla/projects/lewm/runs/sweep/reacher/img96/path_c_eval.npz

# /Users/polaris/Documents/Epistemology and Zetesis/Projects/Machine Errors/JEPA/Robotics/lewm-vanilla/.venv311/bin/python -u tools/run_diagnostics.py --ckpt /Users/polaris/Documents/Epistemology and Zetesis/Projects/Machine Errors/JEPA/Robotics/lewm-vanilla/projects/lewm/runs/sweep/reacher/img96/ckpt_epoch9.pt --h5 /Users/polaris/Documents/Epistemology and Zetesis/Projects/Machine Errors/JEPA/Robotics/lewm-vanilla/projects/lewm/data/reacher_weakpolicy_n500_T60_img96.h5 --splits /Users/polaris/Documents/Epistemology and Zetesis/Projects/Machine Errors/JEPA/Robotics/lewm-vanilla/projects/lewm/runs/sweep/reacher/img96/splits.npz --out /Users/polaris/Documents/Epistemology and Zetesis/Projects/Machine Errors/JEPA/Robotics/lewm-vanilla/projects/lewm/runs/sweep/reacher/img96/diagnostics.json --n-samples 2000 --device cpu
[diag] device=cpu  ckpt=/Users/polaris/Documents/Epistemology and Zetesis/Projects/Machine Errors/JEPA/Robotics/lewm-vanilla/projects/lewm/runs/sweep/reacher/img96/ckpt_epoch9.pt
[diag] extracting 2000 latent triples (stride=5)...
[diag] Z=(2000, 192)  Z_next=(2000, 192)  env_state=(2000, 6)
[diag] running diagnostic_suite...
[diag] saved → /Users/polaris/Documents/Epistemology and Zetesis/Projects/Machine Errors/JEPA/Robotics/lewm-vanilla/projects/lewm/runs/sweep/reacher/img96/diagnostics.json
  latent_effective_rank_pr: 11.3472
  latent_twonn_intrinsic_dim: 0.1829
  env_state_twonn_intrinsic_dim: 3.8658
  env_state_effective_rank_pr: 4.0654
  mi_z_envstate_nats: 3.4999
  mi_z_znext_nats: 4.9411
